#
# There is insufficient memory for the Java Runtime Environment to continue.
# Native memory allocation (mmap) failed to map 132120576 bytes. Error detail: G1 virtual space
# Possible reasons:
#   The system is out of physical RAM or swap space
#   This process is running with CompressedOops enabled, and the Java Heap may be blocking the growth of the native heap
# Possible solutions:
#   Reduce memory load on the system
#   Increase physical memory or swap space
#   Check if swap backing store is full
#   Decrease Java heap size (-Xmx/-Xms)
#   Decrease number of Java threads
#   Decrease Java thread stack sizes (-Xss)
#   Set larger code cache with -XX:ReservedCodeCacheSize=
#   JVM is running with Unscaled Compressed Oops mode in which the Java heap is
#     placed in the first 4GB address space. The Java Heap base address is the
#     maximum limit for the native heap growth. Please use -XX:HeapBaseMinAddress
#     to set the Java Heap base and to place the Java Heap above 4GB virtual address.
# This output file may be truncated or incomplete.
#
#  Out of Memory Error (os_windows.cpp:3618), pid=22380, tid=17376
#
# JRE version:  (17.0.17+10) (build )
# Java VM: OpenJDK 64-Bit Server VM (17.0.17+10, mixed mode, sharing, tiered, compressed oops, compressed class ptrs, g1 gc, windows-amd64)
# No core dump will be written. Minidumps are not enabled by default on client versions of Windows
#

---------------  S U M M A R Y ------------

Command Line: C:\Users\HP\AppData\Local\Temp\surefire10996304814682767685\surefirebooter-20260310151356318_3.jar C:\Users\HP\AppData\Local\Temp\surefire10996304814682767685 2026-03-10T15-13-55_880-jvmRun1 surefire-20260310151356318_1tmp surefire_0-20260310151356318_2tmp

Host: Intel(R) Core(TM) i5-9300H CPU @ 2.40GHz, 8 cores, 7G,  Windows 11 , 64 bit Build 26100 (10.0.26100.7705)
Time: Tue Mar 10 15:13:59 2026 India Standard Time elapsed time: 1.159987 seconds (0d 0h 0m 1s)

---------------  T H R E A D  ---------------

Current thread (0x0000029269f56ff0):  JavaThread "Unknown thread" [_thread_in_vm, id=17376, stack(0x000000f552100000,0x000000f552200000)]

Stack: [0x000000f552100000,0x000000f552200000]
Native frames: (J=compiled Java code, j=interpreted, Vv=VM code, C=native code)
V  [jvm.dll+0x683fb9]
V  [jvm.dll+0x83a1b5]
V  [jvm.dll+0x83bc2e]
V  [jvm.dll+0x83c2b3]
V  [jvm.dll+0x248eff]
V  [jvm.dll+0x680d79]
V  [jvm.dll+0x675b7a]
V  [jvm.dll+0x3091a7]
V  [jvm.dll+0x310776]
V  [jvm.dll+0x360bbe]
V  [jvm.dll+0x360dfd]
V  [jvm.dll+0x2e022c]
V  [jvm.dll+0x2e1138]
V  [jvm.dll+0x80c6cb]
V  [jvm.dll+0x36e841]
V  [jvm.dll+0x7eb2a5]
V  [jvm.dll+0x3f444b]
V  [jvm.dll+0x3f5f31]
C  [jli.dll+0x52d0]
C  [ucrtbase.dll+0x37b0]
C  [KERNEL32.DLL+0x2e8d7]
C  [ntdll.dll+0x8c40c]


---------------  P R O C E S S  ---------------

Threads class SMR info:
_java_thread_list=0x00007ffb38097f58, length=0, elements={
}

Java Threads: ( => current thread )

Other Threads:
  0x0000029269fb39c0 GCTaskThread "GC Thread#0" [stack: 0x000000f552200000,0x000000f552300000] [id=18456]
  0x0000029269fc4450 ConcurrentGCThread "G1 Main Marker" [stack: 0x000000f552300000,0x000000f552400000] [id=17948]
  0x0000029269fc5cb0 ConcurrentGCThread "G1 Conc#0" [stack: 0x000000f552400000,0x000000f552500000] [id=2848]

[error occurred during error reporting (printing all threads), id 0xc0000005, EXCEPTION_ACCESS_VIOLATION (0xc0000005) at pc=0x00007ffb37850d57]

VM state: not at safepoint (not fully initialized)

VM Mutex/Monitor currently owned by a thread:  ([mutex/lock_event])
[0x0000029269f52ff0] Heap_lock - owner thread: 0x0000029269f56ff0

Heap address: 0x0000000082600000, size: 2010 MB, Compressed Oops mode: 32-bit

CDS archive(s) mapped at: [0x0000000000000000-0x0000000000000000-0x0000000000000000), size 0, SharedBaseAddress: 0x0000000800000000, ArchiveRelocationMode: 1.
Narrow klass base: 0x0000000000000000, Narrow klass shift: 0, Narrow klass range: 0x0

GC Precious Log:
<Empty>

Heap:
 garbage-first heap   total 0K, used 0K [0x0000000082600000, 0x0000000100000000)
  region size 1024K, 0 young (0K), 0 survivors (0K)

[error occurred during error reporting (printing heap information), id 0xc0000005, EXCEPTION_ACCESS_VIOLATION (0xc0000005) at pc=0x00007ffb37c3d5c9]

GC Heap History (0 events):
No events

Dll operation events (1 events):
Event: 0.011 Loaded shared library C:\Program Files\Eclipse Adoptium\jdk-17.0.17.10-hotspot\bin\java.dll

Deoptimization events (0 events):
No events

Classes loaded (0 events):
No events

Classes unloaded (0 events):
No events

Classes redefined (0 events):
No events

Internal exceptions (0 events):
No events

VM Operations (0 events):
No events

Memory protections (0 events):
No events

Nmethod flushes (0 events):
No events

Events (0 events):
No events


Dynamic libraries:
0x00007ff7f4790000 - 0x00007ff7f479e000 	C:\Program Files\Eclipse Adoptium\jdk-17.0.17.10-hotspot\bin\java.exe
0x00007ffbeb680000 - 0x00007ffbeb8e8000 	C:\WINDOWS\SYSTEM32\ntdll.dll
0x00007ffbe9850000 - 0x00007ffbe9919000 	C:\WINDOWS\System32\KERNEL32.DLL
0x00007ffbe84d0000 - 0x00007ffbe88c1000 	C:\WINDOWS\System32\KERNELBASE.dll
0x00007ffbe8380000 - 0x00007ffbe84cb000 	C:\WINDOWS\System32\ucrtbase.dll
0x00007ffba7ef0000 - 0x00007ffba7f0e000 	C:\Program Files\Eclipse Adoptium\jdk-17.0.17.10-hotspot\bin\VCRUNTIME140.dll
0x00007ffba8d30000 - 0x00007ffba8d48000 	C:\Program Files\Eclipse Adoptium\jdk-17.0.17.10-hotspot\bin\jli.dll
0x00007ffbea770000 - 0x00007ffbea936000 	C:\WINDOWS\System32\USER32.dll
0x00007ffbe91d0000 - 0x00007ffbe91f7000 	C:\WINDOWS\System32\win32u.dll
0x00007ffbea530000 - 0x00007ffbea55b000 	C:\WINDOWS\System32\GDI32.dll
0x00007ffbe70f0000 - 0x00007ffbe7383000 	C:\WINDOWS\WinSxS\amd64_microsoft.windows.common-controls_6595b64144ccf1df_6.0.26100.7824_none_3e0870b2e3345462\COMCTL32.dll
0x00007ffbe8020000 - 0x00007ffbe814b000 	C:\WINDOWS\System32\gdi32full.dll
0x00007ffbe9370000 - 0x00007ffbe9413000 	C:\WINDOWS\System32\msvcp_win.dll
0x00007ffbe96e0000 - 0x00007ffbe9789000 	C:\WINDOWS\System32\msvcrt.dll
0x00007ffbea730000 - 0x00007ffbea761000 	C:\WINDOWS\System32\IMM32.DLL
0x0000000068430000 - 0x000000006843c000 	C:\Program Files (x86)\360\Total Security\safemon\SafeWrapper.dll
0x00007ffbeb500000 - 0x00007ffbeb5b4000 	C:\WINDOWS\System32\ADVAPI32.dll
0x00007ffbea560000 - 0x00007ffbea606000 	C:\WINDOWS\System32\sechost.dll
0x00007ffbea610000 - 0x00007ffbea728000 	C:\WINDOWS\System32\RPCRT4.dll
0x00007ffb6d270000 - 0x00007ffb6d31c000 	C:\Program Files (x86)\360\Total Security\safemon\libzdtp64.dll
0x00007ffbe9bd0000 - 0x00007ffbea322000 	C:\WINDOWS\System32\SHELL32.dll
0x00007ffbe9200000 - 0x00007ffbe936a000 	C:\WINDOWS\System32\wintypes.dll
0x00007ffbea940000 - 0x00007ffbeacc6000 	C:\WINDOWS\System32\combase.dll
0x00007ffbeb000000 - 0x00007ffbeb067000 	C:\WINDOWS\System32\SHLWAPI.dll
0x00007ffbe8960000 - 0x00007ffbe91c3000 	C:\WINDOWS\System32\Windows.Storage.dll
0x00007ffbe7a40000 - 0x00007ffbe7a4b000 	C:\WINDOWS\SYSTEM32\VERSION.dll
0x00007ffbc7110000 - 0x00007ffbc711c000 	C:\Program Files\Eclipse Adoptium\jdk-17.0.17.10-hotspot\bin\vcruntime140_1.dll
0x00007ffb6fad0000 - 0x00007ffb6fb5d000 	C:\Program Files\Eclipse Adoptium\jdk-17.0.17.10-hotspot\bin\msvcp140.dll
0x00007ffb37560000 - 0x00007ffb381cb000 	C:\Program Files\Eclipse Adoptium\jdk-17.0.17.10-hotspot\bin\server\jvm.dll
0x00007ffbea4b0000 - 0x00007ffbea524000 	C:\WINDOWS\System32\WS2_32.dll
0x00007ffbe7dc0000 - 0x00007ffbe7e1e000 	C:\WINDOWS\SYSTEM32\POWRPROF.dll
0x00007ffbd1190000 - 0x00007ffbd11c5000 	C:\WINDOWS\SYSTEM32\WINMM.dll
0x00007ffbe7da0000 - 0x00007ffbe7db4000 	C:\WINDOWS\SYSTEM32\UMPDC.dll
0x00007ffbe6320000 - 0x00007ffbe633b000 	C:\WINDOWS\SYSTEM32\kernel.appcore.dll
0x00007ffbc6e70000 - 0x00007ffbc6e7a000 	C:\Program Files\Eclipse Adoptium\jdk-17.0.17.10-hotspot\bin\jimage.dll
0x00007ffbe76a0000 - 0x00007ffbe78e2000 	C:\WINDOWS\SYSTEM32\DBGHELP.DLL
0x00007ffbea3a0000 - 0x00007ffbea477000 	C:\WINDOWS\System32\OLEAUT32.dll
0x00007ffbe7590000 - 0x00007ffbe75cb000 	C:\WINDOWS\SYSTEM32\dbgcore.DLL
0x00007ffbe8150000 - 0x00007ffbe81f5000 	C:\WINDOWS\System32\bcryptPrimitives.dll
0x00007ffba27a0000 - 0x00007ffba27c5000 	C:\Program Files\Eclipse Adoptium\jdk-17.0.17.10-hotspot\bin\java.dll

dbghelp: loaded successfully - version: 4.0.5 - missing functions: none
symbol engine: initialized successfully - sym options: 0x614 - pdb path: .;C:\Program Files\Eclipse Adoptium\jdk-17.0.17.10-hotspot\bin;C:\WINDOWS\SYSTEM32;C:\WINDOWS\WinSxS\amd64_microsoft.windows.common-controls_6595b64144ccf1df_6.0.26100.7824_none_3e0870b2e3345462;C:\Program Files (x86)\360\Total Security\safemon;C:\Program Files\Eclipse Adoptium\jdk-17.0.17.10-hotspot\bin\server

VM Arguments:
java_command: C:\Users\HP\AppData\Local\Temp\surefire10996304814682767685\surefirebooter-20260310151356318_3.jar C:\Users\HP\AppData\Local\Temp\surefire10996304814682767685 2026-03-10T15-13-55_880-jvmRun1 surefire-20260310151356318_1tmp surefire_0-20260310151356318_2tmp
java_class_path (initial): C:\Users\HP\AppData\Local\Temp\surefire10996304814682767685\surefirebooter-20260310151356318_3.jar
Launcher Type: SUN_STANDARD

[Global flags]
     intx CICompilerCount                          = 4                                         {product} {ergonomic}
     uint ConcGCThreads                            = 2                                         {product} {ergonomic}
     uint G1ConcRefinementThreads                  = 8                                         {product} {ergonomic}
   size_t G1HeapRegionSize                         = 1048576                                   {product} {ergonomic}
    uintx GCDrainStackTargetSize                   = 64                                        {product} {ergonomic}
   size_t InitialHeapSize                          = 132120576                                 {product} {ergonomic}
   size_t MarkStackSize                            = 4194304                                   {product} {ergonomic}
   size_t MaxHeapSize                              = 2107637760                                {product} {ergonomic}
   size_t MinHeapDeltaBytes                        = 1048576                                   {product} {ergonomic}
   size_t MinHeapSize                              = 8388608                                   {product} {ergonomic}
    uintx NonNMethodCodeHeapSize                   = 5839372                                {pd product} {ergonomic}
    uintx NonProfiledCodeHeapSize                  = 122909434                              {pd product} {ergonomic}
    uintx ProfiledCodeHeapSize                     = 122909434                              {pd product} {ergonomic}
    uintx ReservedCodeCacheSize                    = 251658240                              {pd product} {ergonomic}
     bool SegmentedCodeCache                       = true                                      {product} {ergonomic}
   size_t SoftMaxHeapSize                          = 2107637760                             {manageable} {ergonomic}
     bool UseCompressedClassPointers               = true                           {product lp64_product} {ergonomic}
     bool UseCompressedOops                        = true                           {product lp64_product} {ergonomic}
     bool UseG1GC                                  = true                                      {product} {ergonomic}
     bool UseLargePagesIndividualAllocation        = false                                  {pd product} {ergonomic}

Logging:
Log output configuration:
 #0: stdout all=warning uptime,level,tags
 #1: stderr all=off uptime,level,tags

Environment Variables:
JAVA_HOME=C:\Program Files\Eclipse Adoptium\jdk-17.0.17.10-hotspot
PATH=C:\Program Files\Eclipse Adoptium\jdk-17.0.17.10-hotspot\bin;D:\app\oracle\product\11.2.0\server\bin;C:\Program Files\Common Files\Oracle\Java\javapath;C:\oraclexe\app\oracle\product\11.2.0\server\bin;C:\ProgramData\Oracle\Java\javapath;C:\WINDOWS\system32;C:\WINDOWS;C:\WINDOWS\System32\Wbem;C:\WINDOWS\System32\WindowsPowerShell\v1.0\;C:\WINDOWS\System32\OpenSSH\;C:\TDM-GCC-64\bin;C:\src\flutter\flutter\bin;E:\C++ Practice Programs\bin;C:\Program Files (x86)\NVIDIA Corporation\PhysX\Common;C:\WINDOWS\system32;C:\WINDOWS;C:\WINDOWS\System32\Wbem;C:\WINDOWS\System32\WindowsPowerShell\v1.0\;C:\WINDOWS\System32\OpenSSH\;C:\ProgramData\chocolatey\bin;C:\Program Files\Docker\Docker\resources\bin;C:\Program Files\Git\cmd;C:\Program Files\NVIDIA Corporation\NVIDIA NvDLISR;C:\Program Files\nodejs\;C:\Program Files\apache-maven-3.9.11\bin;C:\Users\HP\AppData\Local\Microsoft\WindowsApps;D:\IntelliJ IDEA Community Edition 2024.2\bin;;C:\src\flutter\flutter\bin;C:\Program Files\JetBrains\IntelliJ IDEA 2025.3.2\bin;C:\Program Files\JetBrains\WebStorm 2025.1.3\bin;;C:\Users\HP\AppData\Roaming\npm;C:\Users\HP\AppData\Local\Programs\Microsoft VS Code\bin;C:\Program Files\PostgreSQL\18\bin;
USERNAME=HP
TERM=xterm
OS=Windows_NT
PROCESSOR_IDENTIFIER=Intel64 Family 6 Model 158 Stepping 10, GenuineIntel
TMP=C:\Users\HP\AppData\Local\Temp
TEMP=C:\Users\HP\AppData\Local\Temp



Periodic native trim disabled


---------------  S Y S T E M  ---------------

OS:
 Windows 11 , 64 bit Build 26100 (10.0.26100.7705)
OS uptime: 0 days 14:04 hours
Hyper-V role detected

CPU: total 8 (initial active 8) (4 cores per cpu, 2 threads per core) family 6 model 158 stepping 10 microcode 0xf6, cx8, cmov, fxsr, ht, mmx, 3dnowpref, sse, sse2, sse3, ssse3, sse4.1, sse4.2, popcnt, lzcnt, tsc, tscinvbit, avx, avx2, aes, erms, clmul, bmi1, bmi2, adx, fma, vzeroupper, clflush, clflushopt, hv
Processor Information for all 8 processors :
  Max Mhz: 2400, Current Mhz: 2400, Mhz Limit: 2400

Memory: 4k page, system-wide physical 8033M (871M free)
TotalPageFile size 16225M (AvailPageFile size 64M)
current process WorkingSet (physical memory assigned to process): 15M, peak: 15M
current process commit charge ("private bytes"): 61M, peak: 187M

vm_info: OpenJDK 64-Bit Server VM (17.0.17+10) for windows-amd64 JRE (17.0.17+10), built on Oct 21 2025 23:25:32 by "admin" with unknown MS VC++:1942

END.
